{"level":"\u001b[32minfo\u001b[39m","message":"\u001b[32mTemporary directory validated: /tmp\u001b[39m","timestamp":"2025-08-18T17:53:54.707Z"}
{"error":"ChainedTokenCredential authentication failed.\nCredentialUnavailableError: EnvironmentCredential is unavailable. No underlying credential could be used. To troubleshoot, visit https://aka.ms/azsdk/js/identity/environmentcredential/troubleshoot.\nCredentialUnavailableError: ManagedIdentityCredential: Authentication failed. Message Attempted to use the IMDS endpoint, but it is not available.\nCredentialUnavailableError: Azure CLI could not be found. Please visit https://aka.ms/azure-cli for installation instructions and then, once installed, authenticate to your Azure account using 'az login'.\nCredentialUnavailableError: The 'Az.Account' module >= 2.2.0 is not installed. Install the Azure Az PowerShell module with: \"Install-Module -Name Az -Scope CurrentUser -Repository PSGallery -Force\".\nCredentialUnavailableError: Azure Developer CLI couldn't be found. To mitigate this issue, see the troubleshooting guidelines at https://aka.ms/azsdk/js/identity/azdevclicredential/troubleshoot.","level":"\u001b[31merror\u001b[39m","message":"\u001b[31mKeyVaultService: Error fetching secret 'webhook-hmac-secret'\u001b[39m","timestamp":"2025-08-18T17:53:57.763Z"}
{"level":"\u001b[33mwarn\u001b[39m","message":"\u001b[33mWebhook secret initialized from environment variable (fallback)\u001b[39m","timestamp":"2025-08-18T17:53:57.764Z"}
{"level":"\u001b[32minfo\u001b[39m","message":"\u001b[32mReceived shutdown signal, closing server...\u001b[39m","timestamp":"2025-08-18T17:54:07.661Z"}
{"level":"\u001b[32minfo\u001b[39m","message":"\u001b[32mTemporary directory validated: /tmp\u001b[39m","timestamp":"2025-08-18T17:54:23.000Z"}
{"error":"ChainedTokenCredential authentication failed.\nCredentialUnavailableError: EnvironmentCredential is unavailable. No underlying credential could be used. To troubleshoot, visit https://aka.ms/azsdk/js/identity/environmentcredential/troubleshoot.\nCredentialUnavailableError: ManagedIdentityCredential: Authentication failed. Message Attempted to use the IMDS endpoint, but it is not available.\nCredentialUnavailableError: Azure CLI could not be found. Please visit https://aka.ms/azure-cli for installation instructions and then, once installed, authenticate to your Azure account using 'az login'.\nCredentialUnavailableError: The 'Az.Account' module >= 2.2.0 is not installed. Install the Azure Az PowerShell module with: \"Install-Module -Name Az -Scope CurrentUser -Repository PSGallery -Force\".\nCredentialUnavailableError: Azure Developer CLI couldn't be found. To mitigate this issue, see the troubleshooting guidelines at https://aka.ms/azsdk/js/identity/azdevclicredential/troubleshoot.","level":"\u001b[31merror\u001b[39m","message":"\u001b[31mKeyVaultService: Error fetching secret 'webhook-hmac-secret'\u001b[39m","timestamp":"2025-08-18T17:54:25.141Z"}
{"level":"\u001b[33mwarn\u001b[39m","message":"\u001b[33mWebhook secret initialized from environment variable (fallback)\u001b[39m","timestamp":"2025-08-18T17:54:25.142Z"}
{"ip":"::1","level":"\u001b[32minfo\u001b[39m","message":"\u001b[32mHMAC signature generated\u001b[39m","processingTime":0,"timestamp":"2025-08-18T17:55:05.771Z"}
{"ip":"::1","level":"\u001b[32minfo\u001b[39m","message":"\u001b[32mHMAC signature generated\u001b[39m","processingTime":0,"timestamp":"2025-08-18T17:55:16.974Z"}
{"ip":"::1","level":"\u001b[32minfo\u001b[39m","message":"\u001b[32mHMAC signature generated\u001b[39m","processingTime":0,"timestamp":"2025-08-18T17:55:17.589Z"}
{"ip":"::1","level":"\u001b[32minfo\u001b[39m","message":"\u001b[32mHMAC signature generated\u001b[39m","processingTime":0,"timestamp":"2025-08-18T17:55:18.415Z"}
{"ip":"::1","level":"\u001b[32minfo\u001b[39m","message":"\u001b[32mHMAC signature generated\u001b[39m","processingTime":0,"timestamp":"2025-08-18T17:55:18.712Z"}
{"ip":"::1","level":"\u001b[32minfo\u001b[39m","message":"\u001b[32mHMAC signature generated\u001b[39m","processingTime":0,"timestamp":"2025-08-18T17:55:19.017Z"}
{"ip":"::1","level":"\u001b[32minfo\u001b[39m","message":"\u001b[32mHMAC signature generated\u001b[39m","processingTime":0,"timestamp":"2025-08-18T17:55:19.392Z"}
{"ip":"::1","level":"\u001b[32minfo\u001b[39m","message":"\u001b[32mHMAC signature generated\u001b[39m","processingTime":0,"timestamp":"2025-08-18T17:55:19.937Z"}
{"ip":"::1","level":"\u001b[32minfo\u001b[39m","message":"\u001b[32mHMAC signature generated\u001b[39m","processingTime":1,"timestamp":"2025-08-18T17:55:22.871Z"}
{"ip":"::1","level":"\u001b[32minfo\u001b[39m","message":"\u001b[32mHMAC signature generated\u001b[39m","processingTime":0,"timestamp":"2025-08-18T17:55:23.223Z"}
{"ip":"::1","level":"\u001b[32minfo\u001b[39m","message":"\u001b[32mHMAC signature generated\u001b[39m","processingTime":0,"timestamp":"2025-08-18T17:55:23.571Z"}
{"ip":"::1","level":"\u001b[32minfo\u001b[39m","message":"\u001b[32mHMAC signature generated\u001b[39m","processingTime":0,"timestamp":"2025-08-18T17:55:26.081Z"}
{"currentTime":1755539764069,"level":"\u001b[33mwarn\u001b[39m","maxAllowed":600000,"message":"\u001b[33mSecurity Event: Timestamp expired\u001b[39m","timeDiff":306326969,"timestamp":"2025-08-18T17:56:04.069Z"}
{"ip":"::1","level":"\u001b[33mwarn\u001b[39m","message":"\u001b[33mHMAC verification failed\u001b[39m","reason":"timestamp_expired","timestamp":"1755233437100"}
{"duration":"1ms","isValid":true,"level":"\u001b[32minfo\u001b[39m","message":"\u001b[32mPerformance: HMAC verification\u001b[39m","timestamp":1755539726081}
{"contentLength":"23054283","contentType":"multipart/form-data; boundary=--------------------------236854125772908244618179","level":"\u001b[32minfo\u001b[39m","maxFileSize":"200MB","maxFiles":12,"message":"\u001b[32mBusboy upload started\u001b[39m","timestamp":"2025-08-18T17:56:18.732Z"}
{"encoding":"7bit","fieldname":"file","fileCount":1,"filename":"Flush Mounting Bracket update - Copy (1).docx","level":"\u001b[32minfo\u001b[39m","maxFiles":12,"message":"\u001b[32mFile event received\u001b[39m","mimeType":"application/vnd.openxmlformats-officedocument.wordprocessingml.document","timestamp":"2025-08-18T17:56:18.735Z"}
{"encoding":"7bit","fieldname":"file","fileCount":1,"filename":"Flush Mounting Bracket update.docx","level":"\u001b[32minfo\u001b[39m","maxFiles":12,"message":"\u001b[32mFile event received\u001b[39m","mimeType":"application/vnd.openxmlformats-officedocument.wordprocessingml.document","timestamp":"2025-08-18T17:56:18.735Z"}
{"encoding":"7bit","fieldname":"file","fileCount":1,"filename":"TK323EQ_SPC20418A - Copy.pdf","level":"\u001b[32minfo\u001b[39m","maxFiles":12,"message":"\u001b[32mFile event received\u001b[39m","mimeType":"application/pdf","timestamp":"2025-08-18T17:56:18.735Z"}
{"fileSize":27724,"filename":"Flush Mounting Bracket update - Copy (1).docx","level":"\u001b[32minfo\u001b[39m","message":"\u001b[32mFile end event\u001b[39m","tempPath":null,"timestamp":"2025-08-18T17:56:18.735Z","useMemoryOnly":true}
{"filename":"Flush Mounting Bracket update - Copy (1).docx","level":"\u001b[32minfo\u001b[39m","message":"\u001b[32mFile stored in memory\u001b[39m","size":27724,"timestamp":"2025-08-18T17:56:18.736Z"}
{"fileCount":1,"filename":"Flush Mounting Bracket update - Copy (1).docx","level":"\u001b[32minfo\u001b[39m","message":"\u001b[32mFile processing completed\u001b[39m","timestamp":"2025-08-18T17:56:18.736Z"}
{"fileSize":27724,"filename":"Flush Mounting Bracket update.docx","level":"\u001b[32minfo\u001b[39m","message":"\u001b[32mFile end event\u001b[39m","tempPath":null,"timestamp":"2025-08-18T17:56:18.736Z","useMemoryOnly":true}
{"filename":"Flush Mounting Bracket update.docx","level":"\u001b[32minfo\u001b[39m","message":"\u001b[32mFile stored in memory\u001b[39m","size":27724,"timestamp":"2025-08-18T17:56:18.736Z"}
{"fileCount":2,"filename":"Flush Mounting Bracket update.docx","level":"\u001b[32minfo\u001b[39m","message":"\u001b[32mFile processing completed\u001b[39m","timestamp":"2025-08-18T17:56:18.736Z"}
{"fileSize":11212817,"filename":"TK323EQ_SPC20418A - Copy.pdf","level":"\u001b[32minfo\u001b[39m","message":"\u001b[32mFile end event\u001b[39m","tempPath":null,"timestamp":"2025-08-18T17:56:18.753Z","useMemoryOnly":true}
{"filename":"TK323EQ_SPC20418A - Copy.pdf","level":"\u001b[32minfo\u001b[39m","message":"\u001b[32mFile stored in memory\u001b[39m","size":11212817,"timestamp":"2025-08-18T17:56:18.755Z"}
{"fileCount":3,"filename":"TK323EQ_SPC20418A - Copy.pdf","level":"\u001b[32minfo\u001b[39m","message":"\u001b[32mFile processing completed\u001b[39m","timestamp":"2025-08-18T17:56:18.755Z"}
{"encoding":"7bit","fieldname":"file","fileCount":4,"filename":"TK323EQ_SPC20418A.pdf","level":"\u001b[32minfo\u001b[39m","maxFiles":12,"message":"\u001b[32mFile event received\u001b[39m","mimeType":"application/pdf","timestamp":"2025-08-18T17:56:18.756Z"}
{"fileSize":11212817,"filename":"TK323EQ_SPC20418A.pdf","level":"\u001b[32minfo\u001b[39m","message":"\u001b[32mFile end event\u001b[39m","tempPath":null,"timestamp":"2025-08-18T17:56:18.779Z","useMemoryOnly":true}
{"filename":"TK323EQ_SPC20418A.pdf","level":"\u001b[32minfo\u001b[39m","message":"\u001b[32mFile stored in memory\u001b[39m","size":11212817,"timestamp":"2025-08-18T17:56:18.781Z"}
{"fileCount":4,"filename":"TK323EQ_SPC20418A.pdf","level":"\u001b[32minfo\u001b[39m","message":"\u001b[32mFile processing completed\u001b[39m","timestamp":"2025-08-18T17:56:18.781Z"}
{"encoding":"7bit","fieldname":"file","fileCount":5,"filename":"Nature.jpeg","level":"\u001b[32minfo\u001b[39m","maxFiles":12,"message":"\u001b[32mFile event received\u001b[39m","mimeType":"image/jpeg","timestamp":"2025-08-18T17:56:18.782Z"}
{"encoding":"7bit","fieldname":"file","fileCount":5,"filename":"techsoldrawing (1).png","level":"\u001b[32minfo\u001b[39m","maxFiles":12,"message":"\u001b[32mFile event received\u001b[39m","mimeType":"image/png","timestamp":"2025-08-18T17:56:18.782Z"}
{"encoding":"7bit","fieldname":"file","fileCount":5,"filename":"LAR_ExpanderSweep_Install_1 - Copy 1.jpg","level":"\u001b[32minfo\u001b[39m","maxFiles":12,"message":"\u001b[32mFile event received\u001b[39m","mimeType":"image/jpeg","timestamp":"2025-08-18T17:56:18.782Z"}
{"fileSize":25415,"filename":"Nature.jpeg","level":"\u001b[32minfo\u001b[39m","message":"\u001b[32mFile end event\u001b[39m","tempPath":null,"timestamp":"2025-08-18T17:56:18.782Z","useMemoryOnly":true}
{"filename":"Nature.jpeg","level":"\u001b[32minfo\u001b[39m","message":"\u001b[32mFile stored in memory\u001b[39m","size":25415,"timestamp":"2025-08-18T17:56:18.782Z"}
{"fileCount":5,"filename":"Nature.jpeg","level":"\u001b[32minfo\u001b[39m","message":"\u001b[32mFile processing completed\u001b[39m","timestamp":"2025-08-18T17:56:18.782Z"}
{"fileSize":36400,"filename":"techsoldrawing (1).png","level":"\u001b[32minfo\u001b[39m","message":"\u001b[32mFile end event\u001b[39m","tempPath":null,"timestamp":"2025-08-18T17:56:18.782Z","useMemoryOnly":true}
{"filename":"techsoldrawing (1).png","level":"\u001b[32minfo\u001b[39m","message":"\u001b[32mFile stored in memory\u001b[39m","size":36400,"timestamp":"2025-08-18T17:56:18.782Z"}
{"fileCount":6,"filename":"techsoldrawing (1).png","level":"\u001b[32minfo\u001b[39m","message":"\u001b[32mFile processing completed\u001b[39m","timestamp":"2025-08-18T17:56:18.782Z"}
{"fileSize":254505,"filename":"LAR_ExpanderSweep_Install_1 - Copy 1.jpg","level":"\u001b[32minfo\u001b[39m","message":"\u001b[32mFile end event\u001b[39m","tempPath":null,"timestamp":"2025-08-18T17:56:18.783Z","useMemoryOnly":true}
{"filename":"LAR_ExpanderSweep_Install_1 - Copy 1.jpg","level":"\u001b[32minfo\u001b[39m","message":"\u001b[32mFile stored in memory\u001b[39m","size":254505,"timestamp":"2025-08-18T17:56:18.783Z"}
{"fileCount":7,"filename":"LAR_ExpanderSweep_Install_1 - Copy 1.jpg","level":"\u001b[32minfo\u001b[39m","message":"\u001b[32mFile processing completed\u001b[39m","timestamp":"2025-08-18T17:56:18.783Z"}
{"encoding":"7bit","fieldname":"file","fileCount":8,"filename":"LAR_ExpanderSweep_Install_1 1.jpg","level":"\u001b[32minfo\u001b[39m","maxFiles":12,"message":"\u001b[32mFile event received\u001b[39m","mimeType":"image/jpeg","timestamp":"2025-08-18T17:56:18.783Z"}
{"fileSize":254505,"filename":"LAR_ExpanderSweep_Install_1 1.jpg","level":"\u001b[32minfo\u001b[39m","message":"\u001b[32mFile end event\u001b[39m","tempPath":null,"timestamp":"2025-08-18T17:56:18.784Z","useMemoryOnly":true}
{"filename":"LAR_ExpanderSweep_Install_1 1.jpg","level":"\u001b[32minfo\u001b[39m","message":"\u001b[32mFile stored in memory\u001b[39m","size":254505,"timestamp":"2025-08-18T17:56:18.784Z"}
{"fileCount":8,"filename":"LAR_ExpanderSweep_Install_1 1.jpg","level":"\u001b[32minfo\u001b[39m","message":"\u001b[32mFile processing completed\u001b[39m","timestamp":"2025-08-18T17:56:18.784Z"}
{"bodyKeys":["metadata"],"fileCount":8,"files":[{"fieldname":"file","name":"Flush Mounting Bracket update - Copy (1).docx","size":27724,"source":"memory"},{"fieldname":"file","name":"Flush Mounting Bracket update.docx","size":27724,"source":"memory"},{"fieldname":"file","name":"TK323EQ_SPC20418A - Copy.pdf","size":11212817,"source":"memory"},{"fieldname":"file","name":"TK323EQ_SPC20418A.pdf","size":11212817,"source":"memory"},{"fieldname":"file","name":"Nature.jpeg","size":25415,"source":"memory"},{"fieldname":"file","name":"techsoldrawing (1).png","size":36400,"source":"memory"},{"fieldname":"file","name":"LAR_ExpanderSweep_Install_1 - Copy 1.jpg","size":254505,"source":"memory"},{"fieldname":"file","name":"LAR_ExpanderSweep_Install_1 1.jpg","size":254505,"source":"memory"}],"level":"\u001b[32minfo\u001b[39m","message":"\u001b[32mAll files processed\u001b[39m","timestamp":"2025-08-18T17:56:18.784Z"}
{"fileCount":8,"files":[{"fieldname":"file","hasBuffer":true,"name":"Flush Mounting Bracket update - Copy (1).docx","size":27724},{"fieldname":"file","hasBuffer":true,"name":"Flush Mounting Bracket update.docx","size":27724},{"fieldname":"file","hasBuffer":true,"name":"TK323EQ_SPC20418A - Copy.pdf","size":11212817},{"fieldname":"file","hasBuffer":true,"name":"TK323EQ_SPC20418A.pdf","size":11212817},{"fieldname":"file","hasBuffer":true,"name":"Nature.jpeg","size":25415},{"fieldname":"file","hasBuffer":true,"name":"techsoldrawing (1).png","size":36400},{"fieldname":"file","hasBuffer":true,"name":"LAR_ExpanderSweep_Install_1 - Copy 1.jpg","size":254505},{"fieldname":"file","hasBuffer":true,"name":"LAR_ExpanderSweep_Install_1 1.jpg","size":254505}],"level":"\u001b[32minfo\u001b[39m","message":"\u001b[32mcreateProof started\u001b[39m","timestamp":"2025-08-18T17:56:18.785Z"}
{"fileCount":8,"level":"\u001b[32minfo\u001b[39m","maxFileSizeMB":50,"message":"\u001b[32mValidating files\u001b[39m","timestamp":"2025-08-18T17:56:18.787Z"}
{"bufferSize":27724,"fieldname":"file","fileName":"Flush Mounting Bracket update - Copy (1).docx","fileSize":27724,"hasBuffer":true,"level":"\u001b[32minfo\u001b[39m","message":"\u001b[32mValidating file\u001b[39m","timestamp":"2025-08-18T17:56:18.787Z"}
{"bufferSize":27724,"fieldname":"file","fileName":"Flush Mounting Bracket update.docx","fileSize":27724,"hasBuffer":true,"level":"\u001b[32minfo\u001b[39m","message":"\u001b[32mValidating file\u001b[39m","timestamp":"2025-08-18T17:56:18.787Z"}
{"bufferSize":11212817,"fieldname":"file","fileName":"TK323EQ_SPC20418A - Copy.pdf","fileSize":11212817,"hasBuffer":true,"level":"\u001b[32minfo\u001b[39m","message":"\u001b[32mValidating file\u001b[39m","timestamp":"2025-08-18T17:56:18.787Z"}
{"bufferSize":11212817,"fieldname":"file","fileName":"TK323EQ_SPC20418A.pdf","fileSize":11212817,"hasBuffer":true,"level":"\u001b[32minfo\u001b[39m","message":"\u001b[32mValidating file\u001b[39m","timestamp":"2025-08-18T17:56:18.787Z"}
{"bufferSize":25415,"fieldname":"file","fileName":"Nature.jpeg","fileSize":25415,"hasBuffer":true,"level":"\u001b[32minfo\u001b[39m","message":"\u001b[32mValidating file\u001b[39m","timestamp":"2025-08-18T17:56:18.787Z"}
{"bufferSize":36400,"fieldname":"file","fileName":"techsoldrawing (1).png","fileSize":36400,"hasBuffer":true,"level":"\u001b[32minfo\u001b[39m","message":"\u001b[32mValidating file\u001b[39m","timestamp":"2025-08-18T17:56:18.787Z"}
{"bufferSize":254505,"fieldname":"file","fileName":"LAR_ExpanderSweep_Install_1 - Copy 1.jpg","fileSize":254505,"hasBuffer":true,"level":"\u001b[32minfo\u001b[39m","message":"\u001b[32mValidating file\u001b[39m","timestamp":"2025-08-18T17:56:18.787Z"}
{"bufferSize":254505,"fieldname":"file","fileName":"LAR_ExpanderSweep_Install_1 1.jpg","fileSize":254505,"hasBuffer":true,"level":"\u001b[32minfo\u001b[39m","message":"\u001b[32mValidating file\u001b[39m","timestamp":"2025-08-18T17:56:18.787Z"}
{"level":"\u001b[32minfo\u001b[39m","message":"\u001b[32mFile validation completed\u001b[39m","timestamp":"2025-08-18T17:56:18.787Z","validFiles":8}
{"level":"\u001b[32minfo\u001b[39m","message":"\u001b[32mPageProofAuthService: Starting client initialization\u001b[39m","timestamp":"2025-08-18T17:56:18.788Z"}
{"level":"\u001b[32minfo\u001b[39m","message":"\u001b[32mPageProofAuthService: PageProof client created\u001b[39m","timestamp":"2025-08-18T17:56:18.790Z"}
{"level":"\u001b[32minfo\u001b[39m","message":"\u001b[32mPageProofAuthService: Session loaded, decrypted, and credentials match\u001b[39m","timestamp":"2025-08-18T17:56:18.792Z"}
{"level":"\u001b[32minfo\u001b[39m","message":"\u001b[32mPageProofAuthService: Session restored and set to client\u001b[39m","timestamp":"2025-08-18T17:56:18.793Z"}
{"elapsedMs":6,"level":"\u001b[32minfo\u001b[39m","message":"\u001b[32mgetClient completed\u001b[39m","timestamp":"2025-08-18T17:56:18.793Z"}
{"elapsedMs":1785,"level":"\u001b[33mwarn\u001b[39m","message":"\u001b[33mGroup fetch is slow\u001b[39m","timestamp":"2025-08-18T17:56:20.578Z"}
{"elapsedMs":1785,"level":"\u001b[32minfo\u001b[39m","message":"\u001b[32mFetched groups\u001b[39m","timestamp":"2025-08-18T17:56:20.578Z"}
{"collectionName":"ADHOC-01203","level":"\u001b[32minfo\u001b[39m","message":"\u001b[32mFound existing collection\u001b[39m","timestamp":"2025-08-18T17:56:20.578Z"}
{"elapsedMs":1792,"level":"\u001b[32minfo\u001b[39m","message":"\u001b[32mensureCollectionExists (existing)\u001b[39m","timestamp":"2025-08-18T17:56:20.579Z"}
{"count":8,"isIndividual":false,"level":"\u001b[32minfo\u001b[39m","message":"\u001b[32mUploading files\u001b[39m","timestamp":"2025-08-18T17:56:20.579Z"}
{"elapsedMs":0,"level":"\u001b[32minfo\u001b[39m","message":"\u001b[32mgetClient completed\u001b[39m","timestamp":"2025-08-18T17:56:20.580Z"}
{"level":"\u001b[32minfo\u001b[39m","message":"\u001b[32mFile upload completed\u001b[39m","timestamp":"2025-08-18T17:56:22.292Z","uploaded":1}
{"fileId":"F7WIAS0H65YO7HMP","level":"\u001b[32minfo\u001b[39m","message":"\u001b[32mCreating proof\u001b[39m","proofName":"Markups & Reference Documents","timestamp":"2025-08-18T17:56:22.293Z"}
{"level":"\u001b[32minfo\u001b[39m","message":"\u001b[32mCreating proof(s)\u001b[39m","proofName":"Markups & Reference Documents","timestamp":"2025-08-18T17:56:22.293Z"}
{"collectionName":"ADHOC-01203","level":"\u001b[32minfo\u001b[39m","message":"\u001b[32mUsing cached or inflight collection\u001b[39m","timestamp":"2025-08-18T17:56:22.294Z"}
{"elapsedMs":0,"level":"\u001b[32minfo\u001b[39m","message":"\u001b[32mensureCollectionExists (cache hit)\u001b[39m","timestamp":"2025-08-18T17:56:22.294Z"}
{"elapsedMs":0,"level":"\u001b[32minfo\u001b[39m","message":"\u001b[32mgetClient completed\u001b[39m","timestamp":"2025-08-18T17:56:22.294Z"}
{"elapsedMs":0,"level":"\u001b[32minfo\u001b[39m","message":"\u001b[32mgetClient completed\u001b[39m","timestamp":"2025-08-18T17:56:22.294Z"}
{"elapsedMs":3120,"level":"\u001b[32minfo\u001b[39m","message":"\u001b[32mWorkflow created\u001b[39m","timestamp":"2025-08-18T17:56:25.416Z"}
{"elapsedMs":3123,"level":"\u001b[32minfo\u001b[39m","message":"\u001b[32mcreateWorkflow completed\u001b[39m","timestamp":"2025-08-18T17:56:25.417Z"}
{"elapsedMs":3123,"level":"\u001b[32minfo\u001b[39m","message":"\u001b[32mFetched client, collection, workflow\u001b[39m","timestamp":"2025-08-18T17:56:25.417Z"}
{"elapsedMs":1750,"fileId":"F7WIAS0H65YO7HMP","level":"\u001b[32minfo\u001b[39m","message":"\u001b[32mProof created\u001b[39m","timestamp":"2025-08-18T17:56:27.167Z"}
{"elapsedMs":1241,"fileId":"F7WIAS0H65YO7HMP","level":"\u001b[32minfo\u001b[39m","message":"\u001b[32mGroup/owner assignment done\u001b[39m","timestamp":"2025-08-18T17:56:28.408Z"}
{"elapsedMs":2991,"level":"\u001b[32minfo\u001b[39m","message":"\u001b[32mAll proof create tasks settled\u001b[39m","timestamp":"2025-08-18T17:56:28.409Z"}
{"elapsedMs":1349,"level":"\u001b[32minfo\u001b[39m","message":"\u001b[32mApprover(s) set\u001b[39m","timestamp":"2025-08-18T17:56:29.758Z"}
{"level":"\u001b[32minfo\u001b[39m","message":"\u001b[32mProof creation completed\u001b[39m","proofCount":1,"timestamp":"2025-08-18T17:56:29.759Z","totalElapsedMs":7466}
{"level":"\u001b[32minfo\u001b[39m","message":"\u001b[32mBatch proof creation complete\u001b[39m","timestamp":"2025-08-18T17:56:29.759Z","total":1}
{"elapsedMs":0,"level":"\u001b[32minfo\u001b[39m","message":"\u001b[32mgetClient completed\u001b[39m","timestamp":"2025-08-18T17:56:29.761Z"}
{"level":"\u001b[32minfo\u001b[39m","message":"\u001b[32mReceived shutdown signal, closing server...\u001b[39m","timestamp":"2025-08-18T17:56:56.696Z"}
{"level":"\u001b[32minfo\u001b[39m","message":"\u001b[32mReceived shutdown signal, closing server...\u001b[39m","timestamp":"2025-08-18T17:56:56.698Z"}
{"level":"\u001b[32minfo\u001b[39m","message":"\u001b[32mReceived shutdown signal, closing server...\u001b[39m","timestamp":"2025-08-18T17:58:08.123Z"}
{"level":"\u001b[32minfo\u001b[39m","message":"\u001b[32mReceived shutdown signal, closing server...\u001b[39m","timestamp":"2025-08-18T17:58:08.124Z"}
{"level":"\u001b[32minfo\u001b[39m","message":"\u001b[32mTemporary directory validated: /tmp\u001b[39m","timestamp":"2025-08-18T18:01:35.757Z"}
{"error":"ChainedTokenCredential authentication failed.\nCredentialUnavailableError: EnvironmentCredential is unavailable. No underlying credential could be used. To troubleshoot, visit https://aka.ms/azsdk/js/identity/environmentcredential/troubleshoot.\nCredentialUnavailableError: ManagedIdentityCredential: Authentication failed. Message Attempted to use the IMDS endpoint, but it is not available.\nCredentialUnavailableError: Azure CLI could not be found. Please visit https://aka.ms/azure-cli for installation instructions and then, once installed, authenticate to your Azure account using 'az login'.\nCredentialUnavailableError: The 'Az.Account' module >= 2.2.0 is not installed. Install the Azure Az PowerShell module with: \"Install-Module -Name Az -Scope CurrentUser -Repository PSGallery -Force\".\nCredentialUnavailableError: Azure Developer CLI couldn't be found. To mitigate this issue, see the troubleshooting guidelines at https://aka.ms/azsdk/js/identity/azdevclicredential/troubleshoot.","level":"\u001b[31merror\u001b[39m","message":"\u001b[31mKeyVaultService: Error fetching secret 'webhook-hmac-secret'\u001b[39m","timestamp":"2025-08-18T18:01:39.891Z"}
{"level":"\u001b[33mwarn\u001b[39m","message":"\u001b[33mWebhook secret initialized from environment variable (fallback)\u001b[39m","timestamp":"2025-08-18T18:01:39.893Z"}
{"ip":"::1","level":"\u001b[33mwarn\u001b[39m","message":"\u001b[33mRoute not found\u001b[39m","method":"POST","requestId":"req_1755540105999_di53of8oy","timestamp":"2025-08-18T18:01:46.001Z","url":"/api/v1/health"}
{"contentLength":"23054283","ip":"::1","level":"\u001b[32minfo\u001b[39m","message":"\u001b[32mHTTP POST /api/v1/health\u001b[39m","method":"POST","responseTime":"1ms","statusCode":404,"timestamp":"2025-08-18T18:01:46.002Z","url":"/api/v1/health","userAgent":"PostmanRuntime/7.45.0"}
{"level":"\u001b[32minfo\u001b[39m","message":"\u001b[32mTemporary directory validated: /tmp\u001b[39m","timestamp":"2025-08-18T18:02:13.416Z"}
{"error":"ChainedTokenCredential authentication failed.\nCredentialUnavailableError: EnvironmentCredential is unavailable. No underlying credential could be used. To troubleshoot, visit https://aka.ms/azsdk/js/identity/environmentcredential/troubleshoot.\nCredentialUnavailableError: ManagedIdentityCredential: Authentication failed. Message Attempted to use the IMDS endpoint, but it is not available.\nCredentialUnavailableError: Azure CLI could not be found. Please visit https://aka.ms/azure-cli for installation instructions and then, once installed, authenticate to your Azure account using 'az login'.\nCredentialUnavailableError: The 'Az.Account' module >= 2.2.0 is not installed. Install the Azure Az PowerShell module with: \"Install-Module -Name Az -Scope CurrentUser -Repository PSGallery -Force\".\nCredentialUnavailableError: Azure Developer CLI couldn't be found. To mitigate this issue, see the troubleshooting guidelines at https://aka.ms/azsdk/js/identity/azdevclicredential/troubleshoot.","level":"\u001b[31merror\u001b[39m","message":"\u001b[31mKeyVaultService: Error fetching secret 'webhook-hmac-secret'\u001b[39m","timestamp":"2025-08-18T18:02:16.397Z"}
{"level":"\u001b[33mwarn\u001b[39m","message":"\u001b[33mWebhook secret initialized from environment variable (fallback)\u001b[39m","timestamp":"2025-08-18T18:02:16.398Z"}
{"level":"\u001b[32minfo\u001b[39m","memoryUsage":{"percentage":91,"total":305,"used":277},"message":"\u001b[32mHealth check completed\u001b[39m","requestId":"req_1755540134188_hqyfgr2sf","responseTime":"2207.00ms","services":["hmac","webhookSignature"],"status":"degraded","timestamp":"2025-08-18T18:02:16.398Z"}
{"ip":"::1","level":"\u001b[32minfo\u001b[39m","message":"\u001b[32mHTTP GET /api/v1/health\u001b[39m","method":"GET","responseTime":"2207ms","statusCode":200,"timestamp":"2025-08-18T18:02:16.398Z","url":"/api/v1/health","userAgent":"PostmanRuntime/7.45.0"}
{"error":"this.get is not a function","level":"\u001b[31merror\u001b[39m","message":"\u001b[31mHealth check failed\u001b[39m","requestId":"req_1755540134188_hqyfgr2sf","responseTime":"2207.90ms","timestamp":"2025-08-18T18:02:16.399Z"}
{"error":"this.get is not a function","level":"\u001b[31merror\u001b[39m","message":"\u001b[31mInternal server error\u001b[39m","requestId":"req_1755540134188_hqyfgr2sf","stack":"TypeError: this.get is not a function\n    at LoggerService.send (/Users/tonylezosonjohnbritto/Projects/Moen/Nodejs/Development/moen-dev/node_modules/express/lib/response.js:135:17)\n    at LoggerService.<anonymous> (/Users/tonylezosonjohnbritto/Projects/Moen/Nodejs/Development/moen-dev/src/utils/logger.ts:160:27)\n    at ServerResponse.json (/Users/tonylezosonjohnbritto/Projects/Moen/Nodejs/Development/moen-dev/node_modules/express/lib/response.js:250:15)\n    at /Users/tonylezosonjohnbritto/Projects/Moen/Nodejs/Development/moen-dev/src/routes/v1/healthRoutes.ts:159:28\n    at processTicksAndRejections (node:internal/process/task_queues:105:5)","timestamp":"2025-08-18T18:02:16.400Z"}
{"ip":"::1","level":"\u001b[32minfo\u001b[39m","message":"\u001b[32mHTTP GET /api/v1/health\u001b[39m","method":"GET","responseTime":"2209ms","statusCode":500,"timestamp":"2025-08-18T18:02:16.400Z","url":"/api/v1/health","userAgent":"PostmanRuntime/7.45.0"}
{"ip":"::1","level":"\u001b[31merror\u001b[39m","message":"\u001b[31mUnhandled error this.get is not a function\u001b[39m","method":"GET","requestId":"req_1755540134188_hqyfgr2sf","stack":"TypeError: this.get is not a function\n    at LoggerService.send (/Users/tonylezosonjohnbritto/Projects/Moen/Nodejs/Development/moen-dev/node_modules/express/lib/response.js:135:17)\n    at LoggerService.<anonymous> (/Users/tonylezosonjohnbritto/Projects/Moen/Nodejs/Development/moen-dev/src/utils/logger.ts:160:27)\n    at ServerResponse.json (/Users/tonylezosonjohnbritto/Projects/Moen/Nodejs/Development/moen-dev/node_modules/express/lib/response.js:250:15)\n    at Function.handleInternalError (/Users/tonylezosonjohnbritto/Projects/Moen/Nodejs/Development/moen-dev/src/utils/errorHandler.ts:200:28)\n    at /Users/tonylezosonjohnbritto/Projects/Moen/Nodejs/Development/moen-dev/src/routes/v1/healthRoutes.ts:173:18\n    at processTicksAndRejections (node:internal/process/task_queues:105:5)","statusCode":500,"timestamp":"2025-08-18T18:02:16.401Z","url":"/api/v1/health","userAgent":"PostmanRuntime/7.45.0"}
{"ip":"::1","level":"\u001b[32minfo\u001b[39m","message":"\u001b[32mHTTP GET /api/v1/health\u001b[39m","method":"GET","responseTime":"2210ms","statusCode":500,"timestamp":"2025-08-18T18:02:16.401Z","url":"/api/v1/health","userAgent":"PostmanRuntime/7.45.0"}
{"level":"\u001b[32minfo\u001b[39m","message":"\u001b[32mTemporary directory validated: /tmp\u001b[39m","timestamp":"2025-08-18T18:02:56.816Z"}
{"level":"\u001b[32minfo\u001b[39m","message":"\u001b[32mSIGINT received, shutting down gracefully\u001b[39m","timestamp":"2025-08-18T18:02:58.234Z"}
{"level":"\u001b[32minfo\u001b[39m","message":"\u001b[32mTemporary directory validated: /tmp\u001b[39m","timestamp":"2025-08-18T18:03:29.971Z"}
{"error":"ChainedTokenCredential authentication failed.\nCredentialUnavailableError: EnvironmentCredential is unavailable. No underlying credential could be used. To troubleshoot, visit https://aka.ms/azsdk/js/identity/environmentcredential/troubleshoot.\nCredentialUnavailableError: ManagedIdentityCredential: Authentication failed. Message Attempted to use the IMDS endpoint, but it is not available.\nCredentialUnavailableError: Azure CLI could not be found. Please visit https://aka.ms/azure-cli for installation instructions and then, once installed, authenticate to your Azure account using 'az login'.\nCredentialUnavailableError: The 'Az.Account' module >= 2.2.0 is not installed. Install the Azure Az PowerShell module with: \"Install-Module -Name Az -Scope CurrentUser -Repository PSGallery -Force\".\nCredentialUnavailableError: Azure Developer CLI couldn't be found. To mitigate this issue, see the troubleshooting guidelines at https://aka.ms/azsdk/js/identity/azdevclicredential/troubleshoot.","level":"\u001b[31merror\u001b[39m","message":"\u001b[31mKeyVaultService: Error fetching secret 'webhook-hmac-secret'\u001b[39m","timestamp":"2025-08-18T18:03:33.075Z"}
{"level":"\u001b[33mwarn\u001b[39m","message":"\u001b[33mWebhook secret initialized from environment variable (fallback)\u001b[39m","timestamp":"2025-08-18T18:03:33.076Z"}
{"level":"\u001b[32minfo\u001b[39m","memoryUsage":{"percentage":91,"total":306,"used":278},"message":"\u001b[32mHealth check completed\u001b[39m","requestId":"req_1755540220038_59aesppg8","responseTime":"0.59ms","services":["hmac","webhookSignature"],"status":"degraded","timestamp":"2025-08-18T18:03:40.040Z"}
{"ip":"::1","level":"\u001b[32minfo\u001b[39m","message":"\u001b[32mHTTP GET /api/v1/health\u001b[39m","method":"GET","responseTime":"2ms","statusCode":200,"timestamp":"2025-08-18T18:03:40.041Z","url":"/api/v1/health","userAgent":"PostmanRuntime/7.45.0"}
{"level":"\u001b[32minfo\u001b[39m","message":"\u001b[32mTemporary directory validated: /tmp\u001b[39m","timestamp":"2025-08-18T18:04:38.607Z"}
{"error":"ChainedTokenCredential authentication failed.\nCredentialUnavailableError: EnvironmentCredential is unavailable. No underlying credential could be used. To troubleshoot, visit https://aka.ms/azsdk/js/identity/environmentcredential/troubleshoot.\nCredentialUnavailableError: ManagedIdentityCredential: Authentication failed. Message Attempted to use the IMDS endpoint, but it is not available.\nCredentialUnavailableError: Azure CLI could not be found. Please visit https://aka.ms/azure-cli for installation instructions and then, once installed, authenticate to your Azure account using 'az login'.\nCredentialUnavailableError: The 'Az.Account' module >= 2.2.0 is not installed. Install the Azure Az PowerShell module with: \"Install-Module -Name Az -Scope CurrentUser -Repository PSGallery -Force\".\nCredentialUnavailableError: Azure Developer CLI couldn't be found. To mitigate this issue, see the troubleshooting guidelines at https://aka.ms/azsdk/js/identity/azdevclicredential/troubleshoot.","level":"\u001b[31merror\u001b[39m","message":"\u001b[31mKeyVaultService: Error fetching secret 'webhook-hmac-secret'\u001b[39m","timestamp":"2025-08-18T18:04:42.488Z"}
{"level":"\u001b[33mwarn\u001b[39m","message":"\u001b[33mWebhook secret initialized from environment variable (fallback)\u001b[39m","timestamp":"2025-08-18T18:04:42.489Z"}
{"level":"\u001b[32minfo\u001b[39m","memoryUsage":{"percentage":91,"total":305,"used":278},"message":"\u001b[32mHealth check completed\u001b[39m","requestId":"req_1755540280819_4503fklge","responseTime":"1668.28ms","services":["hmac","webhookSignature"],"status":"healthy","timestamp":"2025-08-18T18:04:42.489Z"}
{"ip":"::1","level":"\u001b[32minfo\u001b[39m","message":"\u001b[32mHTTP GET /api/v1/health\u001b[39m","method":"GET","responseTime":"1669ms","statusCode":200,"timestamp":"2025-08-18T18:04:42.490Z","url":"/api/v1/health","userAgent":"PostmanRuntime/7.45.0"}
{"level":"\u001b[32minfo\u001b[39m","message":"\u001b[32mTemporary directory validated: /tmp\u001b[39m","timestamp":"2025-08-18T18:05:03.769Z"}
{"error":"ChainedTokenCredential authentication failed.\nCredentialUnavailableError: EnvironmentCredential is unavailable. No underlying credential could be used. To troubleshoot, visit https://aka.ms/azsdk/js/identity/environmentcredential/troubleshoot.\nCredentialUnavailableError: ManagedIdentityCredential: Authentication failed. Message Attempted to use the IMDS endpoint, but it is not available.\nCredentialUnavailableError: Azure CLI could not be found. Please visit https://aka.ms/azure-cli for installation instructions and then, once installed, authenticate to your Azure account using 'az login'.\nCredentialUnavailableError: The 'Az.Account' module >= 2.2.0 is not installed. Install the Azure Az PowerShell module with: \"Install-Module -Name Az -Scope CurrentUser -Repository PSGallery -Force\".\nCredentialUnavailableError: Azure Developer CLI couldn't be found. To mitigate this issue, see the troubleshooting guidelines at https://aka.ms/azsdk/js/identity/azdevclicredential/troubleshoot.","level":"\u001b[31merror\u001b[39m","message":"\u001b[31mKeyVaultService: Error fetching secret 'webhook-hmac-secret'\u001b[39m","timestamp":"2025-08-18T18:05:06.829Z"}
{"level":"\u001b[33mwarn\u001b[39m","message":"\u001b[33mWebhook secret initialized from environment variable (fallback)\u001b[39m","timestamp":"2025-08-18T18:05:06.830Z"}
{"ip":"::1","level":"\u001b[32minfo\u001b[39m","message":"\u001b[32mHMAC signature generated\u001b[39m","processingTime":1,"timestamp":"2025-08-18T18:05:07.354Z"}
{"ip":"::1","level":"\u001b[32minfo\u001b[39m","message":"\u001b[32mHTTP GET /api/v1/hmac/generate-hmac\u001b[39m","method":"GET","responseTime":"1ms","statusCode":200,"timestamp":"2025-08-18T18:05:07.354Z","url":"/api/v1/hmac/generate-hmac","userAgent":"PostmanRuntime/7.45.0"}
{"level":"\u001b[32minfo\u001b[39m","message":"\u001b[32mTemporary directory validated: /tmp\u001b[39m","timestamp":"2025-08-18T18:05:57.040Z"}
{"error":"ChainedTokenCredential authentication failed.\nCredentialUnavailableError: EnvironmentCredential is unavailable. No underlying credential could be used. To troubleshoot, visit https://aka.ms/azsdk/js/identity/environmentcredential/troubleshoot.\nCredentialUnavailableError: ManagedIdentityCredential: Authentication failed. Message Attempted to use the IMDS endpoint, but it is not available.\nCredentialUnavailableError: Azure CLI could not be found. Please visit https://aka.ms/azure-cli for installation instructions and then, once installed, authenticate to your Azure account using 'az login'.\nCredentialUnavailableError: The 'Az.Account' module >= 2.2.0 is not installed. Install the Azure Az PowerShell module with: \"Install-Module -Name Az -Scope CurrentUser -Repository PSGallery -Force\".\nCredentialUnavailableError: Azure Developer CLI couldn't be found. To mitigate this issue, see the troubleshooting guidelines at https://aka.ms/azsdk/js/identity/azdevclicredential/troubleshoot.","level":"\u001b[31merror\u001b[39m","message":"\u001b[31mKeyVaultService: Error fetching secret 'webhook-hmac-secret'\u001b[39m","timestamp":"2025-08-18T18:06:00.949Z"}
{"level":"\u001b[33mwarn\u001b[39m","message":"\u001b[33mWebhook secret initialized from environment variable (fallback)\u001b[39m","timestamp":"2025-08-18T18:06:00.950Z"}
{"level":"\u001b[32minfo\u001b[39m","memoryUsage":{"percentage":91,"total":305,"used":278},"message":"\u001b[32mHealth check completed\u001b[39m","requestId":"req_1755540360297_sy0vfhm8a","responseTime":"650.38ms","services":["hmac","webhookSignature"],"status":"healthy","timestamp":"2025-08-18T18:06:00.950Z"}
{"ip":"::1","level":"\u001b[32minfo\u001b[39m","message":"\u001b[32mHTTP GET /api/v1/health\u001b[39m","method":"GET","responseTime":"651ms","statusCode":200,"timestamp":"2025-08-18T18:06:00.951Z","url":"/api/v1/health","userAgent":"PostmanRuntime/7.45.0"}
{"level":"\u001b[32minfo\u001b[39m","message":"\u001b[32mTemporary directory validated: /tmp\u001b[39m","timestamp":"2025-08-18T18:06:53.604Z"}
{"error":"ChainedTokenCredential authentication failed.\nCredentialUnavailableError: EnvironmentCredential is unavailable. No underlying credential could be used. To troubleshoot, visit https://aka.ms/azsdk/js/identity/environmentcredential/troubleshoot.\nCredentialUnavailableError: ManagedIdentityCredential: Authentication failed. Message Attempted to use the IMDS endpoint, but it is not available.\nCredentialUnavailableError: Azure CLI could not be found. Please visit https://aka.ms/azure-cli for installation instructions and then, once installed, authenticate to your Azure account using 'az login'.\nCredentialUnavailableError: The 'Az.Account' module >= 2.2.0 is not installed. Install the Azure Az PowerShell module with: \"Install-Module -Name Az -Scope CurrentUser -Repository PSGallery -Force\".\nCredentialUnavailableError: Azure Developer CLI couldn't be found. To mitigate this issue, see the troubleshooting guidelines at https://aka.ms/azsdk/js/identity/azdevclicredential/troubleshoot.","level":"\u001b[31merror\u001b[39m","message":"\u001b[31mKeyVaultService: Error fetching secret 'webhook-hmac-secret'\u001b[39m","timestamp":"2025-08-18T18:06:56.883Z"}
{"level":"\u001b[33mwarn\u001b[39m","message":"\u001b[33mWebhook secret initialized from environment variable (fallback)\u001b[39m","timestamp":"2025-08-18T18:06:56.884Z"}
{"level":"\u001b[32minfo\u001b[39m","message":"\u001b[32mSIGINT received, shutting down gracefully\u001b[39m","timestamp":"2025-08-18T18:07:13.045Z"}
{"level":"\u001b[32minfo\u001b[39m","message":"\u001b[32mTemporary directory validated: /tmp\u001b[39m","timestamp":"2025-08-18T18:07:15.660Z"}
{"error":"ChainedTokenCredential authentication failed.\nCredentialUnavailableError: EnvironmentCredential is unavailable. No underlying credential could be used. To troubleshoot, visit https://aka.ms/azsdk/js/identity/environmentcredential/troubleshoot.\nCredentialUnavailableError: ManagedIdentityCredential: Authentication failed. Message Attempted to use the IMDS endpoint, but it is not available.\nCredentialUnavailableError: Azure CLI could not be found. Please visit https://aka.ms/azure-cli for installation instructions and then, once installed, authenticate to your Azure account using 'az login'.\nCredentialUnavailableError: The 'Az.Account' module >= 2.2.0 is not installed. Install the Azure Az PowerShell module with: \"Install-Module -Name Az -Scope CurrentUser -Repository PSGallery -Force\".\nCredentialUnavailableError: Azure Developer CLI couldn't be found. To mitigate this issue, see the troubleshooting guidelines at https://aka.ms/azsdk/js/identity/azdevclicredential/troubleshoot.","level":"\u001b[31merror\u001b[39m","message":"\u001b[31mKeyVaultService: Error fetching secret 'webhook-hmac-secret'\u001b[39m","timestamp":"2025-08-18T18:07:19.164Z"}
{"level":"\u001b[33mwarn\u001b[39m","message":"\u001b[33mWebhook secret initialized from environment variable (fallback)\u001b[39m","timestamp":"2025-08-18T18:07:19.165Z"}
{"level":"\u001b[32minfo\u001b[39m","message":"\u001b[32mReceived shutdown signal, closing server...\u001b[39m","timestamp":"2025-08-18T18:13:32.344Z"}
